This is pdfTeX, Version 3.141592653-2.6-1.40.25 (TeX Live 2023/Debian) (preloaded format=pdflatex 2026.4.21)  23 APR 2026 22:13
entering extended mode
 restricted \write18 enabled.
 %&-line parsing enabled.
**lain-compiler-doc.tex
(./lain-compiler-doc.tex
LaTeX2e <2023-11-01> patch level 1
L3 programming layer <2024-01-22>
(/usr/share/texlive/texmf-dist/tex/latex/base/book.cls
Document Class: book 2023/05/17 v1.4n Standard LaTeX document class
(/usr/share/texlive/texmf-dist/tex/latex/base/bk11.clo
File: bk11.clo 2023/05/17 v1.4n Standard LaTeX file (size option)
)
\c@part=\count187
\c@chapter=\count188
\c@section=\count189
\c@subsection=\count190
\c@subsubsection=\count191
\c@paragraph=\count192
\c@subparagraph=\count193
\c@figure=\count194
\c@table=\count195
\abovecaptionskip=\skip48
\belowcaptionskip=\skip49
\bibindent=\dimen140
)
(./lain-compiler-doc.sty
Package: lain-compiler-doc 2026/04/23 Lain Compiler Documentation Style

(/usr/share/texlive/texmf-dist/tex/latex/base/fontenc.sty
Package: fontenc 2021/04/29 v2.0v Standard LaTeX package
)
(/usr/share/texlive/texmf-dist/tex/latex/base/inputenc.sty
Package: inputenc 2021/02/14 v1.3d Input encoding file
\inpenc@prehook=\toks17
\inpenc@posthook=\toks18
)
(/usr/share/texmf/tex/latex/lm/lmodern.sty
Package: lmodern 2015/05/01 v1.6.1 Latin Modern Fonts
LaTeX Font Info:    Overwriting symbol font `operators' in version `normal'
(Font)                  OT1/cmr/m/n --> OT1/lmr/m/n on input line 22.
LaTeX Font Info:    Overwriting symbol font `letters' in version `normal'
(Font)                  OML/cmm/m/it --> OML/lmm/m/it on input line 23.
LaTeX Font Info:    Overwriting symbol font `symbols' in version `normal'
(Font)                  OMS/cmsy/m/n --> OMS/lmsy/m/n on input line 24.
LaTeX Font Info:    Overwriting symbol font `largesymbols' in version `normal'
(Font)                  OMX/cmex/m/n --> OMX/lmex/m/n on input line 25.
LaTeX Font Info:    Overwriting symbol font `operators' in version `bold'
(Font)                  OT1/cmr/bx/n --> OT1/lmr/bx/n on input line 26.
LaTeX Font Info:    Overwriting symbol font `letters' in version `bold'
(Font)                  OML/cmm/b/it --> OML/lmm/b/it on input line 27.
LaTeX Font Info:    Overwriting symbol font `symbols' in version `bold'
(Font)                  OMS/cmsy/b/n --> OMS/lmsy/b/n on input line 28.
LaTeX Font Info:    Overwriting symbol font `largesymbols' in version `bold'
(Font)                  OMX/cmex/m/n --> OMX/lmex/m/n on input line 29.
LaTeX Font Info:    Overwriting math alphabet `\mathbf' in version `normal'
(Font)                  OT1/cmr/bx/n --> OT1/lmr/bx/n on input line 31.
LaTeX Font Info:    Overwriting math alphabet `\mathsf' in version `normal'
(Font)                  OT1/cmss/m/n --> OT1/lmss/m/n on input line 32.
LaTeX Font Info:    Overwriting math alphabet `\mathit' in version `normal'
(Font)                  OT1/cmr/m/it --> OT1/lmr/m/it on input line 33.
LaTeX Font Info:    Overwriting math alphabet `\mathtt' in version `normal'
(Font)                  OT1/cmtt/m/n --> OT1/lmtt/m/n on input line 34.
LaTeX Font Info:    Overwriting math alphabet `\mathbf' in version `bold'
(Font)                  OT1/cmr/bx/n --> OT1/lmr/bx/n on input line 35.
LaTeX Font Info:    Overwriting math alphabet `\mathsf' in version `bold'
(Font)                  OT1/cmss/bx/n --> OT1/lmss/bx/n on input line 36.
LaTeX Font Info:    Overwriting math alphabet `\mathit' in version `bold'
(Font)                  OT1/cmr/bx/it --> OT1/lmr/bx/it on input line 37.
LaTeX Font Info:    Overwriting math alphabet `\mathtt' in version `bold'
(Font)                  OT1/cmtt/m/n --> OT1/lmtt/m/n on input line 38.
)
(/usr/share/texlive/texmf-dist/tex/latex/microtype/microtype.sty
Package: microtype 2023/03/13 v3.1a Micro-typographical refinements (RS)

(/usr/share/texlive/texmf-dist/tex/latex/graphics/keyval.sty
Package: keyval 2022/05/29 v1.15 key=value parser (DPC)
\KV@toks@=\toks19
)
(/usr/share/texlive/texmf-dist/tex/latex/etoolbox/etoolbox.sty
Package: etoolbox 2020/10/05 v2.5k e-TeX tools for LaTeX (JAW)
\etb@tempcnta=\count196
)
\MT@toks=\toks20
\MT@tempbox=\box51
\MT@count=\count197
LaTeX Info: Redefining \noprotrusionifhmode on input line 1059.
LaTeX Info: Redefining \leftprotrusion on input line 1060.
\MT@prot@toks=\toks21
LaTeX Info: Redefining \rightprotrusion on input line 1078.
LaTeX Info: Redefining \textls on input line 1368.
\MT@outer@kern=\dimen141
LaTeX Info: Redefining \textmicrotypecontext on input line 1988.
\MT@listname@count=\count198

(/usr/share/texlive/texmf-dist/tex/latex/microtype/microtype-pdftex.def
File: microtype-pdftex.def 2023/03/13 v3.1a Definitions specific to pdftex (RS)

LaTeX Info: Redefining \lsstyle on input line 902.
LaTeX Info: Redefining \lslig on input line 902.
\MT@outer@space=\skip50
)
Package microtype Info: Loading configuration file microtype.cfg.

(/usr/share/texlive/texmf-dist/tex/latex/microtype/microtype.cfg
File: microtype.cfg 2023/03/13 v3.1a microtype main configuration file (RS)
))
(/usr/share/texlive/texmf-dist/tex/latex/geometry/geometry.sty
Package: geometry 2020/01/02 v5.9 Page Geometry

(/usr/share/texlive/texmf-dist/tex/generic/iftex/ifvtex.sty
Package: ifvtex 2019/10/25 v1.7 ifvtex legacy package. Use iftex instead.

(/usr/share/texlive/texmf-dist/tex/generic/iftex/iftex.sty
Package: iftex 2022/02/03 v1.0f TeX engine tests
))
\Gm@cnth=\count199
\Gm@cntv=\count266
\c@Gm@tempcnt=\count267
\Gm@bindingoffset=\dimen142
\Gm@wd@mp=\dimen143
\Gm@odd@mp=\dimen144
\Gm@even@mp=\dimen145
\Gm@layoutwidth=\dimen146
\Gm@layoutheight=\dimen147
\Gm@layouthoffset=\dimen148
\Gm@layoutvoffset=\dimen149
\Gm@dimlist=\toks22
)
(/usr/share/texlive/texmf-dist/tex/latex/xcolor/xcolor.sty
Package: xcolor 2023/11/15 v3.01 LaTeX color extensions (UK)

(/usr/share/texlive/texmf-dist/tex/latex/graphics-cfg/color.cfg
File: color.cfg 2016/01/02 v1.6 sample color configuration
)
Package xcolor Info: Driver file: pdftex.def on input line 274.

(/usr/share/texlive/texmf-dist/tex/latex/graphics-def/pdftex.def
File: pdftex.def 2022/09/22 v1.2b Graphics/color driver for pdftex
)
(/usr/share/texlive/texmf-dist/tex/latex/graphics/mathcolor.ltx)
Package xcolor Info: Model `cmy' substituted by `cmy0' on input line 1350.
Package xcolor Info: Model `hsb' substituted by `rgb' on input line 1354.
Package xcolor Info: Model `RGB' extended on input line 1366.
Package xcolor Info: Model `HTML' substituted by `rgb' on input line 1368.
Package xcolor Info: Model `Hsb' substituted by `hsb' on input line 1369.
Package xcolor Info: Model `tHsb' substituted by `hsb' on input line 1370.
Package xcolor Info: Model `HSB' substituted by `hsb' on input line 1371.
Package xcolor Info: Model `Gray' substituted by `gray' on input line 1372.
Package xcolor Info: Model `wave' substituted by `hsb' on input line 1373.
)
(/usr/share/texlive/texmf-dist/tex/latex/amsmath/amsmath.sty
Package: amsmath 2023/05/13 v2.17o AMS math features
\@mathmargin=\skip51

For additional information on amsmath, use the `?' option.
(/usr/share/texlive/texmf-dist/tex/latex/amsmath/amstext.sty
Package: amstext 2021/08/26 v2.01 AMS text

(/usr/share/texlive/texmf-dist/tex/latex/amsmath/amsgen.sty
File: amsgen.sty 1999/11/30 v2.0 generic functions
\@emptytoks=\toks23
\ex@=\dimen150
))
(/usr/share/texlive/texmf-dist/tex/latex/amsmath/amsbsy.sty
Package: amsbsy 1999/11/29 v1.2d Bold Symbols
\pmbraise@=\dimen151
)
(/usr/share/texlive/texmf-dist/tex/latex/amsmath/amsopn.sty
Package: amsopn 2022/04/08 v2.04 operator names
)
\inf@bad=\count268
LaTeX Info: Redefining \frac on input line 234.
\uproot@=\count269
\leftroot@=\count270
LaTeX Info: Redefining \overline on input line 399.
LaTeX Info: Redefining \colon on input line 410.
\classnum@=\count271
\DOTSCASE@=\count272
LaTeX Info: Redefining \ldots on input line 496.
LaTeX Info: Redefining \dots on input line 499.
LaTeX Info: Redefining \cdots on input line 620.
\Mathstrutbox@=\box52
\strutbox@=\box53
LaTeX Info: Redefining \big on input line 722.
LaTeX Info: Redefining \Big on input line 723.
LaTeX Info: Redefining \bigg on input line 724.
LaTeX Info: Redefining \Bigg on input line 725.
\big@size=\dimen152
LaTeX Font Info:    Redeclaring font encoding OML on input line 743.
LaTeX Font Info:    Redeclaring font encoding OMS on input line 744.
\macc@depth=\count273
LaTeX Info: Redefining \bmod on input line 905.
LaTeX Info: Redefining \pmod on input line 910.
LaTeX Info: Redefining \smash on input line 940.
LaTeX Info: Redefining \relbar on input line 970.
LaTeX Info: Redefining \Relbar on input line 971.
\c@MaxMatrixCols=\count274
\dotsspace@=\muskip16
\c@parentequation=\count275
\dspbrk@lvl=\count276
\tag@help=\toks24
\row@=\count277
\column@=\count278
\maxfields@=\count279
\andhelp@=\toks25
\eqnshift@=\dimen153
\alignsep@=\dimen154
\tagshift@=\dimen155
\tagwidth@=\dimen156
\totwidth@=\dimen157
\lineht@=\dimen158
\@envbody=\toks26
\multlinegap=\skip52
\multlinetaggap=\skip53
\mathdisplay@stack=\toks27
LaTeX Info: Redefining \[ on input line 2953.
LaTeX Info: Redefining \] on input line 2954.
)
(/usr/share/texlive/texmf-dist/tex/latex/amsfonts/amssymb.sty
Package: amssymb 2013/01/14 v3.01 AMS font symbols

(/usr/share/texlive/texmf-dist/tex/latex/amsfonts/amsfonts.sty
Package: amsfonts 2013/01/14 v3.01 Basic AMSFonts support
\symAMSa=\mathgroup4
\symAMSb=\mathgroup5
LaTeX Font Info:    Redeclaring math symbol \hbar on input line 98.
LaTeX Font Info:    Overwriting math alphabet `\mathfrak' in version `bold'
(Font)                  U/euf/m/n --> U/euf/b/n on input line 106.
))
(/usr/share/texlive/texmf-dist/tex/latex/tools/array.sty
Package: array 2023/10/16 v2.5g Tabular extension package (FMi)
\col@sep=\dimen159
\ar@mcellbox=\box54
\extrarowheight=\dimen160
\NC@list=\toks28
\extratabsurround=\skip54
\backup@length=\skip55
\ar@cellbox=\box55
)
(/usr/share/texlive/texmf-dist/tex/latex/booktabs/booktabs.sty
Package: booktabs 2020/01/12 v1.61803398 Publication quality tables
\heavyrulewidth=\dimen161
\lightrulewidth=\dimen162
\cmidrulewidth=\dimen163
\belowrulesep=\dimen164
\belowbottomsep=\dimen165
\aboverulesep=\dimen166
\abovetopsep=\dimen167
\cmidrulesep=\dimen168
\cmidrulekern=\dimen169
\defaultaddspace=\dimen170
\@cmidla=\count280
\@cmidlb=\count281
\@aboverulesep=\dimen171
\@belowrulesep=\dimen172
\@thisruleclass=\count282
\@lastruleclass=\count283
\@thisrulewidth=\dimen173
)
(/usr/share/texlive/texmf-dist/tex/latex/tools/longtable.sty
Package: longtable 2023-11-01 v4.19 Multi-page Table package (DPC)
\LTleft=\skip56
\LTright=\skip57
\LTpre=\skip58
\LTpost=\skip59
\LTchunksize=\count284
\LTcapwidth=\dimen174
\LT@head=\box56
\LT@firsthead=\box57
\LT@foot=\box58
\LT@lastfoot=\box59
\LT@gbox=\box60
\LT@cols=\count285
\LT@rows=\count286
\c@LT@tables=\count287
\c@LT@chunks=\count288
\LT@p@ftn=\toks29
)
(/usr/share/texlive/texmf-dist/tex/latex/enumitem/enumitem.sty
Package: enumitem 2019/06/20 v3.9 Customized lists
\labelindent=\skip60
\enit@outerparindent=\dimen175
\enit@toks=\toks30
\enit@inbox=\box61
\enit@count@id=\count289
\enitdp@description=\count290
)
(/usr/share/texlive/texmf-dist/tex/latex/graphics/graphicx.sty
Package: graphicx 2021/09/16 v1.2d Enhanced LaTeX Graphics (DPC,SPQR)

(/usr/share/texlive/texmf-dist/tex/latex/graphics/graphics.sty
Package: graphics 2022/03/10 v1.4e Standard LaTeX Graphics (DPC,SPQR)

(/usr/share/texlive/texmf-dist/tex/latex/graphics/trig.sty
Package: trig 2021/08/11 v1.11 sin cos tan (DPC)
)
(/usr/share/texlive/texmf-dist/tex/latex/graphics-cfg/graphics.cfg
File: graphics.cfg 2016/06/04 v1.11 sample graphics configuration
)
Package graphics Info: Driver file: pdftex.def on input line 107.
)
\Gin@req@height=\dimen176
\Gin@req@width=\dimen177
)
(/usr/share/texlive/texmf-dist/tex/latex/pgf/frontendlayer/tikz.sty
(/usr/share/texlive/texmf-dist/tex/latex/pgf/basiclayer/pgf.sty
(/usr/share/texlive/texmf-dist/tex/latex/pgf/utilities/pgfrcs.sty
(/usr/share/texlive/texmf-dist/tex/generic/pgf/utilities/pgfutil-common.tex
\pgfutil@everybye=\toks31
\pgfutil@tempdima=\dimen178
\pgfutil@tempdimb=\dimen179
)
(/usr/share/texlive/texmf-dist/tex/generic/pgf/utilities/pgfutil-latex.def
\pgfutil@abb=\box62
)
(/usr/share/texlive/texmf-dist/tex/generic/pgf/utilities/pgfrcs.code.tex
(/usr/share/texlive/texmf-dist/tex/generic/pgf/pgf.revision.tex)
Package: pgfrcs 2023-01-15 v3.1.10 (3.1.10)
))
Package: pgf 2023-01-15 v3.1.10 (3.1.10)

(/usr/share/texlive/texmf-dist/tex/latex/pgf/basiclayer/pgfcore.sty
(/usr/share/texlive/texmf-dist/tex/latex/pgf/systemlayer/pgfsys.sty
(/usr/share/texlive/texmf-dist/tex/generic/pgf/systemlayer/pgfsys.code.tex
Package: pgfsys 2023-01-15 v3.1.10 (3.1.10)

(/usr/share/texlive/texmf-dist/tex/generic/pgf/utilities/pgfkeys.code.tex
\pgfkeys@pathtoks=\toks32
\pgfkeys@temptoks=\toks33

(/usr/share/texlive/texmf-dist/tex/generic/pgf/utilities/pgfkeyslibraryfiltered
.code.tex
\pgfkeys@tmptoks=\toks34
))
\pgf@x=\dimen180
\pgf@y=\dimen181
\pgf@xa=\dimen182
\pgf@ya=\dimen183
\pgf@xb=\dimen184
\pgf@yb=\dimen185
\pgf@xc=\dimen186
\pgf@yc=\dimen187
\pgf@xd=\dimen188
\pgf@yd=\dimen189
\w@pgf@writea=\write3
\r@pgf@reada=\read2
\c@pgf@counta=\count291
\c@pgf@countb=\count292
\c@pgf@countc=\count293
\c@pgf@countd=\count294
\t@pgf@toka=\toks35
\t@pgf@tokb=\toks36
\t@pgf@tokc=\toks37
\pgf@sys@id@count=\count295
 (/usr/share/texlive/texmf-dist/tex/generic/pgf/systemlayer/pgf.cfg
File: pgf.cfg 2023-01-15 v3.1.10 (3.1.10)
)
Driver file for pgf: pgfsys-pdftex.def
(/usr/share/texlive/texmf-dist/tex/generic/pgf/systemlayer/pgfsys-pdftex.def
File: pgfsys-pdftex.def 2023-01-15 v3.1.10 (3.1.10)

(/usr/share/texlive/texmf-dist/tex/generic/pgf/systemlayer/pgfsys-common-pdf.de
f
File: pgfsys-common-pdf.def 2023-01-15 v3.1.10 (3.1.10)
)))
(/usr/share/texlive/texmf-dist/tex/generic/pgf/systemlayer/pgfsyssoftpath.code.
tex
File: pgfsyssoftpath.code.tex 2023-01-15 v3.1.10 (3.1.10)
\pgfsyssoftpath@smallbuffer@items=\count296
\pgfsyssoftpath@bigbuffer@items=\count297
)
(/usr/share/texlive/texmf-dist/tex/generic/pgf/systemlayer/pgfsysprotocol.code.
tex
File: pgfsysprotocol.code.tex 2023-01-15 v3.1.10 (3.1.10)
))
(/usr/share/texlive/texmf-dist/tex/generic/pgf/basiclayer/pgfcore.code.tex
Package: pgfcore 2023-01-15 v3.1.10 (3.1.10)

(/usr/share/texlive/texmf-dist/tex/generic/pgf/math/pgfmath.code.tex
(/usr/share/texlive/texmf-dist/tex/generic/pgf/math/pgfmathutil.code.tex)
(/usr/share/texlive/texmf-dist/tex/generic/pgf/math/pgfmathparser.code.tex
\pgfmath@dimen=\dimen190
\pgfmath@count=\count298
\pgfmath@box=\box63
\pgfmath@toks=\toks38
\pgfmath@stack@operand=\toks39
\pgfmath@stack@operation=\toks40
)
(/usr/share/texlive/texmf-dist/tex/generic/pgf/math/pgfmathfunctions.code.tex)
(/usr/share/texlive/texmf-dist/tex/generic/pgf/math/pgfmathfunctions.basic.code
.tex)
(/usr/share/texlive/texmf-dist/tex/generic/pgf/math/pgfmathfunctions.trigonomet
ric.code.tex)
(/usr/share/texlive/texmf-dist/tex/generic/pgf/math/pgfmathfunctions.random.cod
e.tex)
(/usr/share/texlive/texmf-dist/tex/generic/pgf/math/pgfmathfunctions.comparison
.code.tex)
(/usr/share/texlive/texmf-dist/tex/generic/pgf/math/pgfmathfunctions.base.code.
tex)
(/usr/share/texlive/texmf-dist/tex/generic/pgf/math/pgfmathfunctions.round.code
.tex)
(/usr/share/texlive/texmf-dist/tex/generic/pgf/math/pgfmathfunctions.misc.code.
tex)
(/usr/share/texlive/texmf-dist/tex/generic/pgf/math/pgfmathfunctions.integerari
thmetics.code.tex)
(/usr/share/texlive/texmf-dist/tex/generic/pgf/math/pgfmathcalc.code.tex)
(/usr/share/texlive/texmf-dist/tex/generic/pgf/math/pgfmathfloat.code.tex
\c@pgfmathroundto@lastzeros=\count299
))
(/usr/share/texlive/texmf-dist/tex/generic/pgf/math/pgfint.code.tex)
(/usr/share/texlive/texmf-dist/tex/generic/pgf/basiclayer/pgfcorepoints.code.te
x
File: pgfcorepoints.code.tex 2023-01-15 v3.1.10 (3.1.10)
\pgf@picminx=\dimen191
\pgf@picmaxx=\dimen192
\pgf@picminy=\dimen193
\pgf@picmaxy=\dimen194
\pgf@pathminx=\dimen195
\pgf@pathmaxx=\dimen196
\pgf@pathminy=\dimen197
\pgf@pathmaxy=\dimen198
\pgf@xx=\dimen199
\pgf@xy=\dimen256
\pgf@yx=\dimen257
\pgf@yy=\dimen258
\pgf@zx=\dimen259
\pgf@zy=\dimen260
)
(/usr/share/texlive/texmf-dist/tex/generic/pgf/basiclayer/pgfcorepathconstruct.
code.tex
File: pgfcorepathconstruct.code.tex 2023-01-15 v3.1.10 (3.1.10)
\pgf@path@lastx=\dimen261
\pgf@path@lasty=\dimen262
)
(/usr/share/texlive/texmf-dist/tex/generic/pgf/basiclayer/pgfcorepathusage.code
.tex
File: pgfcorepathusage.code.tex 2023-01-15 v3.1.10 (3.1.10)
\pgf@shorten@end@additional=\dimen263
\pgf@shorten@start@additional=\dimen264
)
(/usr/share/texlive/texmf-dist/tex/generic/pgf/basiclayer/pgfcorescopes.code.te
x
File: pgfcorescopes.code.tex 2023-01-15 v3.1.10 (3.1.10)
\pgfpic=\box64
\pgf@hbox=\box65
\pgf@layerbox@main=\box66
\pgf@picture@serial@count=\count300
)
(/usr/share/texlive/texmf-dist/tex/generic/pgf/basiclayer/pgfcoregraphicstate.c
ode.tex
File: pgfcoregraphicstate.code.tex 2023-01-15 v3.1.10 (3.1.10)
\pgflinewidth=\dimen265
)
(/usr/share/texlive/texmf-dist/tex/generic/pgf/basiclayer/pgfcoretransformation
s.code.tex
File: pgfcoretransformations.code.tex 2023-01-15 v3.1.10 (3.1.10)
\pgf@pt@x=\dimen266
\pgf@pt@y=\dimen267
\pgf@pt@temp=\dimen268
)
(/usr/share/texlive/texmf-dist/tex/generic/pgf/basiclayer/pgfcorequick.code.tex
File: pgfcorequick.code.tex 2023-01-15 v3.1.10 (3.1.10)
)
(/usr/share/texlive/texmf-dist/tex/generic/pgf/basiclayer/pgfcoreobjects.code.t
ex
File: pgfcoreobjects.code.tex 2023-01-15 v3.1.10 (3.1.10)
)
(/usr/share/texlive/texmf-dist/tex/generic/pgf/basiclayer/pgfcorepathprocessing
.code.tex
File: pgfcorepathprocessing.code.tex 2023-01-15 v3.1.10 (3.1.10)
)
(/usr/share/texlive/texmf-dist/tex/generic/pgf/basiclayer/pgfcorearrows.code.te
x
File: pgfcorearrows.code.tex 2023-01-15 v3.1.10 (3.1.10)
\pgfarrowsep=\dimen269
)
(/usr/share/texlive/texmf-dist/tex/generic/pgf/basiclayer/pgfcoreshade.code.tex
File: pgfcoreshade.code.tex 2023-01-15 v3.1.10 (3.1.10)
\pgf@max=\dimen270
\pgf@sys@shading@range@num=\count301
\pgf@shadingcount=\count302
)
(/usr/share/texlive/texmf-dist/tex/generic/pgf/basiclayer/pgfcoreimage.code.tex
File: pgfcoreimage.code.tex 2023-01-15 v3.1.10 (3.1.10)
)
(/usr/share/texlive/texmf-dist/tex/generic/pgf/basiclayer/pgfcoreexternal.code.
tex
File: pgfcoreexternal.code.tex 2023-01-15 v3.1.10 (3.1.10)
\pgfexternal@startupbox=\box67
)
(/usr/share/texlive/texmf-dist/tex/generic/pgf/basiclayer/pgfcorelayers.code.te
x
File: pgfcorelayers.code.tex 2023-01-15 v3.1.10 (3.1.10)
)
(/usr/share/texlive/texmf-dist/tex/generic/pgf/basiclayer/pgfcoretransparency.c
ode.tex
File: pgfcoretransparency.code.tex 2023-01-15 v3.1.10 (3.1.10)
)
(/usr/share/texlive/texmf-dist/tex/generic/pgf/basiclayer/pgfcorepatterns.code.
tex
File: pgfcorepatterns.code.tex 2023-01-15 v3.1.10 (3.1.10)
)
(/usr/share/texlive/texmf-dist/tex/generic/pgf/basiclayer/pgfcorerdf.code.tex
File: pgfcorerdf.code.tex 2023-01-15 v3.1.10 (3.1.10)
)))
(/usr/share/texlive/texmf-dist/tex/generic/pgf/modules/pgfmoduleshapes.code.tex
File: pgfmoduleshapes.code.tex 2023-01-15 v3.1.10 (3.1.10)
\pgfnodeparttextbox=\box68
) (/usr/share/texlive/texmf-dist/tex/generic/pgf/modules/pgfmoduleplot.code.tex
File: pgfmoduleplot.code.tex 2023-01-15 v3.1.10 (3.1.10)
)
(/usr/share/texlive/texmf-dist/tex/latex/pgf/compatibility/pgfcomp-version-0-65
.sty
Package: pgfcomp-version-0-65 2023-01-15 v3.1.10 (3.1.10)
\pgf@nodesepstart=\dimen271
\pgf@nodesepend=\dimen272
)
(/usr/share/texlive/texmf-dist/tex/latex/pgf/compatibility/pgfcomp-version-1-18
.sty
Package: pgfcomp-version-1-18 2023-01-15 v3.1.10 (3.1.10)
)) (/usr/share/texlive/texmf-dist/tex/latex/pgf/utilities/pgffor.sty
(/usr/share/texlive/texmf-dist/tex/latex/pgf/utilities/pgfkeys.sty
(/usr/share/texlive/texmf-dist/tex/generic/pgf/utilities/pgfkeys.code.tex))
(/usr/share/texlive/texmf-dist/tex/latex/pgf/math/pgfmath.sty
(/usr/share/texlive/texmf-dist/tex/generic/pgf/math/pgfmath.code.tex))
(/usr/share/texlive/texmf-dist/tex/generic/pgf/utilities/pgffor.code.tex
Package: pgffor 2023-01-15 v3.1.10 (3.1.10)
\pgffor@iter=\dimen273
\pgffor@skip=\dimen274
\pgffor@stack=\toks41
\pgffor@toks=\toks42
))
(/usr/share/texlive/texmf-dist/tex/generic/pgf/frontendlayer/tikz/tikz.code.tex
Package: tikz 2023-01-15 v3.1.10 (3.1.10)

(/usr/share/texlive/texmf-dist/tex/generic/pgf/libraries/pgflibraryplothandlers
.code.tex
File: pgflibraryplothandlers.code.tex 2023-01-15 v3.1.10 (3.1.10)
\pgf@plot@mark@count=\count303
\pgfplotmarksize=\dimen275
)
\tikz@lastx=\dimen276
\tikz@lasty=\dimen277
\tikz@lastxsaved=\dimen278
\tikz@lastysaved=\dimen279
\tikz@lastmovetox=\dimen280
\tikz@lastmovetoy=\dimen281
\tikzleveldistance=\dimen282
\tikzsiblingdistance=\dimen283
\tikz@figbox=\box69
\tikz@figbox@bg=\box70
\tikz@tempbox=\box71
\tikz@tempbox@bg=\box72
\tikztreelevel=\count304
\tikznumberofchildren=\count305
\tikznumberofcurrentchild=\count306
\tikz@fig@count=\count307

(/usr/share/texlive/texmf-dist/tex/generic/pgf/modules/pgfmodulematrix.code.tex
File: pgfmodulematrix.code.tex 2023-01-15 v3.1.10 (3.1.10)
\pgfmatrixcurrentrow=\count308
\pgfmatrixcurrentcolumn=\count309
\pgf@matrix@numberofcolumns=\count310
)
\tikz@expandcount=\count311

(/usr/share/texlive/texmf-dist/tex/generic/pgf/frontendlayer/tikz/libraries/tik
zlibrarytopaths.code.tex
File: tikzlibrarytopaths.code.tex 2023-01-15 v3.1.10 (3.1.10)
)))
(/usr/share/texlive/texmf-dist/tex/generic/pgf/frontendlayer/tikz/libraries/tik
zlibraryshapes.geometric.code.tex
File: tikzlibraryshapes.geometric.code.tex 2023-01-15 v3.1.10 (3.1.10)

(/usr/share/texlive/texmf-dist/tex/generic/pgf/libraries/shapes/pgflibraryshape
s.geometric.code.tex
File: pgflibraryshapes.geometric.code.tex 2023-01-15 v3.1.10 (3.1.10)
))
(/usr/share/texlive/texmf-dist/tex/generic/pgf/libraries/pgflibraryarrows.meta.
code.tex
File: pgflibraryarrows.meta.code.tex 2023-01-15 v3.1.10 (3.1.10)
\pgfarrowinset=\dimen284
\pgfarrowlength=\dimen285
\pgfarrowwidth=\dimen286
\pgfarrowlinewidth=\dimen287
)
(/usr/share/texlive/texmf-dist/tex/generic/pgf/frontendlayer/tikz/libraries/tik
zlibrarypositioning.code.tex
File: tikzlibrarypositioning.code.tex 2023-01-15 v3.1.10 (3.1.10)
)
(/usr/share/texlive/texmf-dist/tex/generic/pgf/frontendlayer/tikz/libraries/tik
zlibraryfit.code.tex
File: tikzlibraryfit.code.tex 2023-01-15 v3.1.10 (3.1.10)
)
(/usr/share/texlive/texmf-dist/tex/generic/pgf/frontendlayer/tikz/libraries/tik
zlibrarybackgrounds.code.tex
File: tikzlibrarybackgrounds.code.tex 2023-01-15 v3.1.10 (3.1.10)
\pgf@layerbox@background=\box73
\pgf@layerboxsaved@background=\box74
)
(/usr/share/texlive/texmf-dist/tex/generic/pgf/frontendlayer/tikz/libraries/tik
zlibrarycalc.code.tex
File: tikzlibrarycalc.code.tex 2023-01-15 v3.1.10 (3.1.10)
)
(/usr/share/texlive/texmf-dist/tex/latex/hyperref/hyperref.sty
Package: hyperref 2024-01-20 v7.01h Hypertext links for LaTeX

(/usr/share/texlive/texmf-dist/tex/latex/kvsetkeys/kvsetkeys.sty
Package: kvsetkeys 2022-10-05 v1.19 Key value parser (HO)
)
(/usr/share/texlive/texmf-dist/tex/generic/kvdefinekeys/kvdefinekeys.sty
Package: kvdefinekeys 2019-12-19 v1.6 Define keys (HO)
)
(/usr/share/texlive/texmf-dist/tex/generic/pdfescape/pdfescape.sty
Package: pdfescape 2019/12/09 v1.15 Implements pdfTeX's escape features (HO)

(/usr/share/texlive/texmf-dist/tex/generic/ltxcmds/ltxcmds.sty
Package: ltxcmds 2023-12-04 v1.26 LaTeX kernel commands for general use (HO)
)
(/usr/share/texlive/texmf-dist/tex/generic/pdftexcmds/pdftexcmds.sty
Package: pdftexcmds 2020-06-27 v0.33 Utility functions of pdfTeX for LuaTeX (HO
)

(/usr/share/texlive/texmf-dist/tex/generic/infwarerr/infwarerr.sty
Package: infwarerr 2019/12/03 v1.5 Providing info/warning/error messages (HO)
)
Package pdftexcmds Info: \pdf@primitive is available.
Package pdftexcmds Info: \pdf@ifprimitive is available.
Package pdftexcmds Info: \pdfdraftmode found.
))
(/usr/share/texlive/texmf-dist/tex/latex/hycolor/hycolor.sty
Package: hycolor 2020-01-27 v1.10 Color options for hyperref/bookmark (HO)
)
(/usr/share/texlive/texmf-dist/tex/latex/auxhook/auxhook.sty
Package: auxhook 2019-12-17 v1.6 Hooks for auxiliary files (HO)
)
(/usr/share/texlive/texmf-dist/tex/latex/hyperref/nameref.sty
Package: nameref 2023-11-26 v2.56 Cross-referencing by name of section

(/usr/share/texlive/texmf-dist/tex/latex/refcount/refcount.sty
Package: refcount 2019/12/15 v3.6 Data extraction from label references (HO)
)
(/usr/share/texlive/texmf-dist/tex/generic/gettitlestring/gettitlestring.sty
Package: gettitlestring 2019/12/15 v1.6 Cleanup title references (HO)

(/usr/share/texlive/texmf-dist/tex/latex/kvoptions/kvoptions.sty
Package: kvoptions 2022-06-15 v3.15 Key value format for package options (HO)
))
\c@section@level=\count312
)
\@linkdim=\dimen288
\Hy@linkcounter=\count313
\Hy@pagecounter=\count314

(/usr/share/texlive/texmf-dist/tex/latex/hyperref/pd1enc.def
File: pd1enc.def 2024-01-20 v7.01h Hyperref: PDFDocEncoding definition (HO)
Now handling font encoding PD1 ...
... no UTF-8 mapping file for font encoding PD1
)
(/usr/share/texlive/texmf-dist/tex/generic/intcalc/intcalc.sty
Package: intcalc 2019/12/15 v1.3 Expandable calculations with integers (HO)
)
\Hy@SavedSpaceFactor=\count315

(/usr/share/texlive/texmf-dist/tex/latex/hyperref/puenc.def
File: puenc.def 2024-01-20 v7.01h Hyperref: PDF Unicode definition (HO)
Now handling font encoding PU ...
... no UTF-8 mapping file for font encoding PU
)
Package hyperref Info: Hyper figures OFF on input line 4179.
Package hyperref Info: Link nesting OFF on input line 4184.
Package hyperref Info: Hyper index ON on input line 4187.
Package hyperref Info: Plain pages OFF on input line 4194.
Package hyperref Info: Backreferencing OFF on input line 4199.
Package hyperref Info: Implicit mode ON; LaTeX internals redefined.
Package hyperref Info: Bookmarks ON on input line 4446.
\c@Hy@tempcnt=\count316

(/usr/share/texlive/texmf-dist/tex/latex/url/url.sty
\Urlmuskip=\muskip17
Package: url 2013/09/16  ver 3.4  Verb mode for urls, etc.
)
LaTeX Info: Redefining \url on input line 4784.
\XeTeXLinkMargin=\dimen289

(/usr/share/texlive/texmf-dist/tex/generic/bitset/bitset.sty
Package: bitset 2019/12/09 v1.3 Handle bit-vector datatype (HO)

(/usr/share/texlive/texmf-dist/tex/generic/bigintcalc/bigintcalc.sty
Package: bigintcalc 2019/12/15 v1.5 Expandable calculations on big integers (HO
)
))
\Fld@menulength=\count317
\Field@Width=\dimen290
\Fld@charsize=\dimen291
Package hyperref Info: Hyper figures OFF on input line 6063.
Package hyperref Info: Link nesting OFF on input line 6068.
Package hyperref Info: Hyper index ON on input line 6071.
Package hyperref Info: backreferencing OFF on input line 6078.
Package hyperref Info: Link coloring OFF on input line 6083.
Package hyperref Info: Link coloring with OCG OFF on input line 6088.
Package hyperref Info: PDF/A mode OFF on input line 6093.

(/usr/share/texlive/texmf-dist/tex/latex/base/atbegshi-ltx.sty
Package: atbegshi-ltx 2021/01/10 v1.0c Emulation of the original atbegshi
package with kernel methods
)
\Hy@abspage=\count318
\c@Item=\count319
\c@Hfootnote=\count320
)
Package hyperref Info: Driver (autodetected): hpdftex.

(/usr/share/texlive/texmf-dist/tex/latex/hyperref/hpdftex.def
File: hpdftex.def 2024-01-20 v7.01h Hyperref driver for pdfTeX

(/usr/share/texlive/texmf-dist/tex/latex/base/atveryend-ltx.sty
Package: atveryend-ltx 2020/08/19 v1.0a Emulation of the original atveryend pac
kage
with kernel methods
)
\Fld@listcount=\count321
\c@bookmark@seq@number=\count322

(/usr/share/texlive/texmf-dist/tex/latex/rerunfilecheck/rerunfilecheck.sty
Package: rerunfilecheck 2022-07-10 v1.10 Rerun checks for auxiliary files (HO)

(/usr/share/texlive/texmf-dist/tex/generic/uniquecounter/uniquecounter.sty
Package: uniquecounter 2019/12/15 v1.4 Provide unlimited unique counter (HO)
)
Package uniquecounter Info: New unique counter `rerunfilecheck' on input line 2
85.
)
\Hy@SectionHShift=\skip61
)
(/usr/share/texlive/texmf-dist/tex/latex/cleveref/cleveref.sty
Package: cleveref 2018/03/27 v0.21.4 Intelligent cross-referencing
Package cleveref Info: `hyperref' support loaded on input line 2370.
LaTeX Info: Redefining \cref on input line 2370.
LaTeX Info: Redefining \Cref on input line 2370.
LaTeX Info: Redefining \crefrange on input line 2370.
LaTeX Info: Redefining \Crefrange on input line 2370.
LaTeX Info: Redefining \cpageref on input line 2370.
LaTeX Info: Redefining \Cpageref on input line 2370.
LaTeX Info: Redefining \cpagerefrange on input line 2370.
LaTeX Info: Redefining \Cpagerefrange on input line 2370.
LaTeX Info: Redefining \labelcref on input line 2370.
LaTeX Info: Redefining \labelcpageref on input line 2370.
)
(/usr/share/texlive/texmf-dist/tex/latex/imakeidx/imakeidx.sty
Package: imakeidx 2016/10/15 v1.3e Package for typesetting indices in a synchro
nous mode

(/usr/share/texlive/texmf-dist/tex/latex/xkeyval/xkeyval.sty
Package: xkeyval 2022/06/16 v2.9 package option processing (HA)

(/usr/share/texlive/texmf-dist/tex/generic/xkeyval/xkeyval.tex
(/usr/share/texlive/texmf-dist/tex/generic/xkeyval/xkvutils.tex
\XKV@toks=\toks43
\XKV@tempa@toks=\toks44
)
\XKV@depth=\count323
File: xkeyval.tex 2014/12/03 v2.7a key=value parser (HA)
))
(/usr/share/texlive/texmf-dist/tex/generic/iftex/ifxetex.sty
Package: ifxetex 2019/10/25 v0.7 ifxetex legacy package. Use iftex instead.
)
(/usr/share/texlive/texmf-dist/tex/generic/iftex/ifluatex.sty
Package: ifluatex 2019/10/25 v1.5 ifluatex legacy package. Use iftex instead.
)
(/usr/share/texlive/texmf-dist/tex/latex/tools/multicol.sty
Package: multicol 2023/03/30 v1.9f multicolumn formatting (FMi)
\c@tracingmulticols=\count324
\mult@box=\box75
\multicol@leftmargin=\dimen292
\c@unbalance=\count325
\c@collectmore=\count326
\doublecol@number=\count327
\multicoltolerance=\count328
\multicolpretolerance=\count329
\full@width=\dimen293
\page@free=\dimen294
\premulticols=\dimen295
\postmulticols=\dimen296
\multicolsep=\skip62
\multicolbaselineskip=\skip63
\partial@page=\box76
\last@line=\box77
\mc@boxedresult=\box78
\maxbalancingoverflow=\dimen297
\mult@rightbox=\box79
\mult@grightbox=\box80
\mult@firstbox=\box81
\mult@gfirstbox=\box82
\@tempa=\box83
\@tempa=\box84
\@tempa=\box85
\@tempa=\box86
\@tempa=\box87
\@tempa=\box88
\@tempa=\box89
\@tempa=\box90
\@tempa=\box91
\@tempa=\box92
\@tempa=\box93
\@tempa=\box94
\@tempa=\box95
\@tempa=\box96
\@tempa=\box97
\@tempa=\box98
\@tempa=\box99
\@tempa=\box100
\@tempa=\box101
\@tempa=\box102
\@tempa=\box103
\@tempa=\box104
\@tempa=\box105
\@tempa=\box106
\@tempa=\box107
\@tempa=\box108
\@tempa=\box109
\@tempa=\box110
\@tempa=\box111
\@tempa=\box112
\@tempa=\box113
\@tempa=\box114
\@tempa=\box115
\@tempa=\box116
\@tempa=\box117
\@tempa=\box118
\c@minrows=\count330
\c@columnbadness=\count331
\c@finalcolumnbadness=\count332
\last@try=\dimen298
\multicolovershoot=\dimen299
\multicolundershoot=\dimen300
\mult@nat@firstbox=\box119
\colbreak@box=\box120
\mc@col@check@num=\count333
))
(/usr/share/texlive/texmf-dist/tex/latex/fancyhdr/fancyhdr.sty
Package: fancyhdr 2022/11/09 v4.1 Extensive control of page headers and footers

\f@nch@headwidth=\skip64
\f@nch@O@elh=\skip65
\f@nch@O@erh=\skip66
\f@nch@O@olh=\skip67
\f@nch@O@orh=\skip68
\f@nch@O@elf=\skip69
\f@nch@O@erf=\skip70
\f@nch@O@olf=\skip71
\f@nch@O@orf=\skip72
)
(/usr/share/texlive/texmf-dist/tex/latex/titlesec/titlesec.sty
Package: titlesec 2023/10/27 v2.16 Sectioning titles
\ttl@box=\box121
\beforetitleunit=\skip73
\aftertitleunit=\skip74
\ttl@plus=\dimen301
\ttl@minus=\dimen302
\ttl@toksa=\toks45
\titlewidth=\dimen303
\titlewidthlast=\dimen304
\titlewidthfirst=\dimen305
)
(/usr/share/texlive/texmf-dist/tex/latex/tocloft/tocloft.sty
Package: tocloft 2017/08/31 v2.3i parameterised ToC, etc., typesetting
Package tocloft Info: The document has chapter divisions on input line 51.
\cftparskip=\skip75
\cftbeforetoctitleskip=\skip76
\cftaftertoctitleskip=\skip77
\cftbeforepartskip=\skip78
\cftpartnumwidth=\skip79
\cftpartindent=\skip80
\cftbeforechapskip=\skip81
\cftchapindent=\skip82
\cftchapnumwidth=\skip83
\cftbeforesecskip=\skip84
\cftsecindent=\skip85
\cftsecnumwidth=\skip86
\cftbeforesubsecskip=\skip87
\cftsubsecindent=\skip88
\cftsubsecnumwidth=\skip89
\cftbeforesubsubsecskip=\skip90
\cftsubsubsecindent=\skip91
\cftsubsubsecnumwidth=\skip92
\cftbeforeparaskip=\skip93
\cftparaindent=\skip94
\cftparanumwidth=\skip95
\cftbeforesubparaskip=\skip96
\cftsubparaindent=\skip97
\cftsubparanumwidth=\skip98
\cftbeforeloftitleskip=\skip99
\cftafterloftitleskip=\skip100
\cftbeforefigskip=\skip101
\cftfigindent=\skip102
\cftfignumwidth=\skip103
\c@lofdepth=\count334
\c@lotdepth=\count335
\cftbeforelottitleskip=\skip104
\cftafterlottitleskip=\skip105
\cftbeforetabskip=\skip106
\cfttabindent=\skip107
\cfttabnumwidth=\skip108
)
(/usr/share/texlive/texmf-dist/tex/latex/mdframed/mdframed.sty
Package: mdframed 2013/07/01 1.9b: mdframed

(/usr/share/texlive/texmf-dist/tex/latex/l3packages/xparse/xparse.sty
(/usr/share/texlive/texmf-dist/tex/latex/l3kernel/expl3.sty
Package: expl3 2024-01-22 L3 programming layer (loader) 

(/usr/share/texlive/texmf-dist/tex/latex/l3backend/l3backend-pdftex.def
File: l3backend-pdftex.def 2024-01-04 L3 backend support: PDF output (pdfTeX)
\l__color_backend_stack_int=\count336
\l__pdf_internal_box=\box122
))
Package: xparse 2023-10-10 L3 Experimental document command parser
)
(/usr/share/texlive/texmf-dist/tex/latex/zref/zref-abspage.sty
Package: zref-abspage 2023-09-14 v2.35 Module abspage for zref (HO)

(/usr/share/texlive/texmf-dist/tex/latex/zref/zref-base.sty
Package: zref-base 2023-09-14 v2.35 Module base for zref (HO)

(/usr/share/texlive/texmf-dist/tex/generic/etexcmds/etexcmds.sty
Package: etexcmds 2019/12/15 v1.7 Avoid name clashes with e-TeX commands (HO)
)
Package zref Info: New property list: main on input line 767.
Package zref Info: New property: default on input line 768.
Package zref Info: New property: page on input line 769.
)
\c@abspage=\count337
Package zref Info: New property: abspage on input line 67.
)
(/usr/share/texlive/texmf-dist/tex/latex/needspace/needspace.sty
Package: needspace 2010/09/12 v1.3d reserve vertical space
)
\mdf@templength=\skip109
\c@mdf@globalstyle@cnt=\count338
\mdf@skipabove@length=\skip110
\mdf@skipbelow@length=\skip111
\mdf@leftmargin@length=\skip112
\mdf@rightmargin@length=\skip113
\mdf@innerleftmargin@length=\skip114
\mdf@innerrightmargin@length=\skip115
\mdf@innertopmargin@length=\skip116
\mdf@innerbottommargin@length=\skip117
\mdf@splittopskip@length=\skip118
\mdf@splitbottomskip@length=\skip119
\mdf@outermargin@length=\skip120
\mdf@innermargin@length=\skip121
\mdf@linewidth@length=\skip122
\mdf@innerlinewidth@length=\skip123
\mdf@middlelinewidth@length=\skip124
\mdf@outerlinewidth@length=\skip125
\mdf@roundcorner@length=\skip126
\mdf@footenotedistance@length=\skip127
\mdf@userdefinedwidth@length=\skip128
\mdf@needspace@length=\skip129
\mdf@frametitleaboveskip@length=\skip130
\mdf@frametitlebelowskip@length=\skip131
\mdf@frametitlerulewidth@length=\skip132
\mdf@frametitleleftmargin@length=\skip133
\mdf@frametitlerightmargin@length=\skip134
\mdf@shadowsize@length=\skip135
\mdf@extratopheight@length=\skip136
\mdf@subtitleabovelinewidth@length=\skip137
\mdf@subtitlebelowlinewidth@length=\skip138
\mdf@subtitleaboveskip@length=\skip139
\mdf@subtitlebelowskip@length=\skip140
\mdf@subtitleinneraboveskip@length=\skip141
\mdf@subtitleinnerbelowskip@length=\skip142
\mdf@subsubtitleabovelinewidth@length=\skip143
\mdf@subsubtitlebelowlinewidth@length=\skip144
\mdf@subsubtitleaboveskip@length=\skip145
\mdf@subsubtitlebelowskip@length=\skip146
\mdf@subsubtitleinneraboveskip@length=\skip147
\mdf@subsubtitleinnerbelowskip@length=\skip148

(/usr/share/texlive/texmf-dist/tex/latex/mdframed/md-frame-0.mdf
File: md-frame-0.mdf 2013/07/01\ 1.9b: md-frame-0
)
\mdf@frametitlebox=\box123
\mdf@footnotebox=\box124
\mdf@splitbox@one=\box125
\mdf@splitbox@two=\box126
\mdf@splitbox@save=\box127
\mdfsplitboxwidth=\skip149
\mdfsplitboxtotalwidth=\skip150
\mdfsplitboxheight=\skip151
\mdfsplitboxdepth=\skip152
\mdfsplitboxtotalheight=\skip153
\mdfframetitleboxwidth=\skip154
\mdfframetitleboxtotalwidth=\skip155
\mdfframetitleboxheight=\skip156
\mdfframetitleboxdepth=\skip157
\mdfframetitleboxtotalheight=\skip158
\mdffootnoteboxwidth=\skip159
\mdffootnoteboxtotalwidth=\skip160
\mdffootnoteboxheight=\skip161
\mdffootnoteboxdepth=\skip162
\mdffootnoteboxtotalheight=\skip163
\mdftotallinewidth=\skip164
\mdfboundingboxwidth=\skip165
\mdfboundingboxtotalwidth=\skip166
\mdfboundingboxheight=\skip167
\mdfboundingboxdepth=\skip168
\mdfboundingboxtotalheight=\skip169
\mdf@freevspace@length=\skip170
\mdf@horizontalwidthofbox@length=\skip171
\mdf@verticalmarginwhole@length=\skip172
\mdf@horizontalspaceofbox=\skip173
\mdfsubtitleheight=\skip174
\mdfsubsubtitleheight=\skip175
\c@mdfcountframes=\count339

****** mdframed patching \endmdf@trivlist

****** -- success******

\mdf@envdepth=\count340
\c@mdf@env@i=\count341
\c@mdf@env@ii=\count342
\c@mdf@zref@counter=\count343
Package zref Info: New property: mdf@pagevalue on input line 895.
)
(/usr/share/texlive/texmf-dist/tex/latex/listings/listings.sty
\lst@mode=\count344
\lst@gtempboxa=\box128
\lst@token=\toks46
\lst@length=\count345
\lst@currlwidth=\dimen306
\lst@column=\count346
\lst@pos=\count347
\lst@lostspace=\dimen307
\lst@width=\dimen308
\lst@newlines=\count348
\lst@lineno=\count349
\lst@maxwidth=\dimen309

(/usr/share/texlive/texmf-dist/tex/latex/listings/lstmisc.sty
File: lstmisc.sty 2023/02/27 1.9 (Carsten Heinz)
\c@lstnumber=\count350
\lst@skipnumbers=\count351
\lst@framebox=\box129
)
(/usr/share/texlive/texmf-dist/tex/latex/listings/listings.cfg
File: listings.cfg 2023/02/27 1.9 listings configuration
))
Package: listings 2023/02/27 1.9 (Carsten Heinz)

(/usr/share/texlive/texmf-dist/tex/latex/caption/caption.sty
Package: caption 2023/08/05 v3.6o Customizing captions (AR)

(/usr/share/texlive/texmf-dist/tex/latex/caption/caption3.sty
Package: caption3 2023/07/31 v2.4d caption3 kernel (AR)
\caption@tempdima=\dimen310
\captionmargin=\dimen311
\caption@leftmargin=\dimen312
\caption@rightmargin=\dimen313
\caption@width=\dimen314
\caption@indent=\dimen315
\caption@parindent=\dimen316
\caption@hangindent=\dimen317
Package caption Info: Standard document class detected.
)
\c@caption@flags=\count352
\c@continuedfloat=\count353
Package caption Info: hyperref package is loaded.
Package caption Info: listings package is loaded.
Package caption Info: longtable package is loaded.

(/usr/share/texlive/texmf-dist/tex/latex/caption/ltcaption.sty
Package: ltcaption 2021/01/08 v1.4c longtable captions (AR)
))
(/usr/share/texlive/texmf-dist/tex/latex/caption/subcaption.sty
Package: subcaption 2023/07/28 v1.6b Sub-captions (AR)
Package caption Info: New subtype `subfigure' on input line 238.
\c@subfigure=\count354
Package caption Info: New subtype `subtable' on input line 238.
\c@subtable=\count355
)
Package hyperref Info: Option `colorlinks' set `true' on input line 86.
Package hyperref Info: Option `bookmarksnumbered' set `true' on input line 86.
Package hyperref Info: Option `bookmarksopen' set `true' on input line 86.
\c@pnumctr=\count356
\lain-compiler-doc@idxfile=\write4
\openout4 = `lain-compiler-doc.idx'.


Writing index file lain-compiler-doc.idx
)
LaTeX Font Info:    Trying to load font information for T1+lmr on input line 33
.
 (/usr/share/texmf/tex/latex/lm/t1lmr.fd
File: t1lmr.fd 2015/05/01 v1.6.1 Font defs for Latin Modern
) (./lain-compiler-doc.aux
(./chapters/01-architecture.aux) (./chapters/02-infrastructure.aux)
(./chapters/03-lexer.aux) (./chapters/04-ast.aux) (./chapters/05-modules.aux)
(./chapters/06-parser-framework.aux) (./chapters/07-parser-expressions.aux)
(./chapters/08-parser-stmts.aux) (./chapters/09-sema-orchestration.aux)
(./chapters/10-resolve.aux) (./chapters/11-typecheck.aux)
(./chapters/12-linearity.aux) (./chapters/13-borrows.aux)
(./chapters/14-vra.aux) (./chapters/15-bounds.aux)
(./chapters/16-exhaustiveness.aux) (./chapters/17-termination.aux)
(./chapters/18-comptime.aux) (./chapters/19-codegen.aux)
(./chapters/20-stdlib-impl.aux) (./chapters/21-testing.aux)
(./annexes/A-ast-reference.aux) (./annexes/B-diagnostics-impl.aux)
(./annexes/C-pass-interactions.aux) (./annexes/D-declaration-flow.aux))
\openout1 = `lain-compiler-doc.aux'.

LaTeX Font Info:    Checking defaults for OML/cmm/m/it on input line 33.
LaTeX Font Info:    ... okay on input line 33.
LaTeX Font Info:    Checking defaults for OMS/cmsy/m/n on input line 33.
LaTeX Font Info:    ... okay on input line 33.
LaTeX Font Info:    Checking defaults for OT1/cmr/m/n on input line 33.
LaTeX Font Info:    ... okay on input line 33.
LaTeX Font Info:    Checking defaults for T1/cmr/m/n on input line 33.
LaTeX Font Info:    ... okay on input line 33.
LaTeX Font Info:    Checking defaults for TS1/cmr/m/n on input line 33.
LaTeX Font Info:    ... okay on input line 33.
LaTeX Font Info:    Checking defaults for OMX/cmex/m/n on input line 33.
LaTeX Font Info:    ... okay on input line 33.
LaTeX Font Info:    Checking defaults for U/cmr/m/n on input line 33.
LaTeX Font Info:    ... okay on input line 33.
LaTeX Font Info:    Checking defaults for PD1/pdf/m/n on input line 33.
LaTeX Font Info:    ... okay on input line 33.
LaTeX Font Info:    Checking defaults for PU/pdf/m/n on input line 33.
LaTeX Font Info:    ... okay on input line 33.
LaTeX Info: Redefining \microtypecontext on input line 33.
Package microtype Info: Applying patch `item' on input line 33.
Package microtype Info: Applying patch `toc' on input line 33.
Package microtype Info: Applying patch `eqnum' on input line 33.
Package microtype Info: Applying patch `footnote' on input line 33.
Package microtype Info: Applying patch `verbatim' on input line 33.
Package microtype Info: Generating PDF output.
Package microtype Info: Character protrusion enabled (level 2).
Package microtype Info: Using default protrusion set `alltext'.
Package microtype Info: Automatic font expansion enabled (level 2),
(microtype)             stretch: 20, shrink: 20, step: 1, non-selected.
Package microtype Info: Using default expansion set `alltext-nott'.
LaTeX Info: Redefining \showhyphens on input line 33.
Package microtype Info: No adjustment of tracking.
Package microtype Info: No adjustment of interword spacing.
Package microtype Info: No adjustment of character kerning.

(/usr/share/texlive/texmf-dist/tex/latex/microtype/mt-cmr.cfg
File: mt-cmr.cfg 2013/05/19 v2.2 microtype config. file: Computer Modern Roman 
(RS)
)
*geometry* driver: auto-detecting
*geometry* detected driver: pdftex
*geometry* verbose mode - [ preamble ] result:
* driver: pdftex
* paper: a4paper
* layout: <same size as paper>
* layoutoffset:(h,v)=(0.0pt,0.0pt)
* modes: twoside 
* h-part:(L,W,R)=(85.35826pt, 441.01773pt, 71.13188pt)
* v-part:(T,H,B)=(71.13188pt, 702.78308pt, 71.13188pt)
* \paperwidth=597.50787pt
* \paperheight=845.04684pt
* \textwidth=441.01773pt
* \textheight=702.78308pt
* \oddsidemargin=13.08827pt
* \evensidemargin=-1.1381pt
* \topmargin=-33.0119pt
* \headheight=12.0pt
* \headsep=19.8738pt
* \topskip=11.0pt
* \footskip=27.46295pt
* \marginparwidth=106.0pt
* \marginparsep=7.0pt
* \columnsep=10.0pt
* \skip\footins=10.0pt plus 4.0pt minus 2.0pt
* \hoffset=0.0pt
* \voffset=0.0pt
* \mag=1000
* \@twocolumnfalse
* \@twosidetrue
* \@mparswitchtrue
* \@reversemarginfalse
* (1in=72.27pt=25.4mm, 1cm=28.453pt)

(/usr/share/texlive/texmf-dist/tex/context/base/mkii/supp-pdf.mkii
[Loading MPS to PDF converter (version 2006.09.02).]
\scratchcounter=\count357
\scratchdimen=\dimen318
\scratchbox=\box130
\nofMPsegments=\count358
\nofMParguments=\count359
\everyMPshowfont=\toks47
\MPscratchCnt=\count360
\MPscratchDim=\dimen319
\MPnumerator=\count361
\makeMPintoPDFobject=\count362
\everyMPtoPDFconversion=\toks48
) (/usr/share/texlive/texmf-dist/tex/latex/epstopdf-pkg/epstopdf-base.sty
Package: epstopdf-base 2020-01-24 v2.11 Base part for package epstopdf
Package epstopdf-base Info: Redefining graphics rule for `.eps' on input line 4
85.

(/usr/share/texlive/texmf-dist/tex/latex/latexconfig/epstopdf-sys.cfg
File: epstopdf-sys.cfg 2010/07/13 v1.3 Configuration of (r)epstopdf for TeX Liv
e
))
Package hyperref Info: Link coloring ON on input line 33.

(./lain-compiler-doc.out) (./lain-compiler-doc.out)
\@outlinefile=\write5
\openout5 = `lain-compiler-doc.out'.

\c@lstlisting=\count363
Package caption Info: Begin \AtBeginDocument code.
Package caption Info: End \AtBeginDocument code.
LaTeX Font Info:    Trying to load font information for OT1+lmr on input line 3
9.

(/usr/share/texmf/tex/latex/lm/ot1lmr.fd
File: ot1lmr.fd 2015/05/01 v1.6.1 Font defs for Latin Modern
)
LaTeX Font Info:    Trying to load font information for OML+lmm on input line 3
9.

(/usr/share/texmf/tex/latex/lm/omllmm.fd
File: omllmm.fd 2015/05/01 v1.6.1 Font defs for Latin Modern
)
LaTeX Font Info:    Trying to load font information for OMS+lmsy on input line 
39.

(/usr/share/texmf/tex/latex/lm/omslmsy.fd
File: omslmsy.fd 2015/05/01 v1.6.1 Font defs for Latin Modern
)
LaTeX Font Info:    Trying to load font information for OMX+lmex on input line 
39.

(/usr/share/texmf/tex/latex/lm/omxlmex.fd
File: omxlmex.fd 2015/05/01 v1.6.1 Font defs for Latin Modern
)
LaTeX Font Info:    External font `lmex10' loaded for size
(Font)              <12> on input line 39.
LaTeX Font Info:    External font `lmex10' loaded for size
(Font)              <8> on input line 39.
LaTeX Font Info:    External font `lmex10' loaded for size
(Font)              <6> on input line 39.
LaTeX Font Info:    Trying to load font information for U+msa on input line 39.


(/usr/share/texlive/texmf-dist/tex/latex/amsfonts/umsa.fd
File: umsa.fd 2013/01/14 v3.01 AMS symbols A
)
(/usr/share/texlive/texmf-dist/tex/latex/microtype/mt-msa.cfg
File: mt-msa.cfg 2006/02/04 v1.1 microtype config. file: AMS symbols (a) (RS)
)
LaTeX Font Info:    Trying to load font information for U+msb on input line 39.


(/usr/share/texlive/texmf-dist/tex/latex/amsfonts/umsb.fd
File: umsb.fd 2013/01/14 v3.01 AMS symbols B
)
(/usr/share/texlive/texmf-dist/tex/latex/microtype/mt-msb.cfg
File: mt-msb.cfg 2005/06/01 v1.0 microtype config. file: AMS symbols (b) (RS)
) [1



{/var/lib/texmf/fonts/map/pdftex/updmap/pdftex.map}{/usr/share/texmf/fonts/enc/
dvips/lm/lm-ec.enc}]
LaTeX Font Info:    External font `lmex10' loaded for size
(Font)              <10.95> on input line 43.
LaTeX Font Info:    Trying to load font information for T1+lmtt on input line 4
6.
 (/usr/share/texmf/tex/latex/lm/t1lmtt.fd
File: t1lmtt.fd 2015/05/01 v1.6.1 Font defs for Latin Modern
)
Package microtype Info: Loading generic protrusion settings for font family
(microtype)             `lmtt' (encoding: T1).
(microtype)             For optimal results, create family-specific settings.
(microtype)             See the microtype manual for details.
 [2{/usr/share/texmf/fonts/enc/dvips/lm/lm-mathsy.enc}] (./lain-compiler-doc.to
c [3

] [4] [5] [6])
\tf@toc=\write6
\openout6 = `lain-compiler-doc.toc'.

 [7] [8


]
[1

] [2]
\openout2 = `chapters/01-architecture.aux'.

 (./chapters/01-architecture.tex
Chapter 1.
[3


]
Overfull \hbox (116.74837pt too wide) in paragraph at lines 133--137
[]\T1/lmr/bx/n/10.95 (-20) Mutual re-cur-sion check \T1/lmr/m/n/10.95 (-20) ([]
\T1/lmtt/m/n/10 src/sema.h:786[]\T1/lmr/m/n/10.95 (-20) ). Af-ter all func-tion
s are re-solved, \T1/lmtt/m/n/10 sema_check_no_mutual_recursion()
 []


Overfull \hbox (0.18289pt too wide) in paragraph at lines 138--143
[]\T1/lmr/bx/n/10.95 (-20) Code gen-er-a-tion \T1/lmr/m/n/10.95 (-20) ([]\T1/lm
tt/m/n/10 src/emit.h[] \T1/lmr/m/n/10.95 (-20) and []\T1/lmtt/m/n/10 src/emit/[
]\T1/lmr/m/n/10.95 (-20) ). \T1/lmtt/m/n/10 emit() \T1/lmr/m/n/10.95 (-20) tra-
verses the an-no-tated \T1/lmtt/m/n/10 DeclList
 []

[4]
Package mdframed Info: mdframed works in twoside mode on input line 175.
Package mdframed Info: Not enough space on this page on input line 178.
 [5] [6]
Overfull \hbox (52.69196pt too wide) in alignment at lines 317--322
 [] [] [] 
 []


Overfull \hbox (52.69196pt too wide) in alignment at lines 322--327
 [] [] [] 
 []


Overfull \hbox (52.69196pt too wide) in alignment at lines 327--329
 [] [] [] 
 []


Overfull \hbox (52.69196pt too wide) in alignment at lines 329--343
 [] [] [] 
 []

Package mdframed Info: mdframed works in twoside mode on input line 346.
(/usr/share/texlive/texmf-dist/tex/latex/listings/lstlang1.sty
File: lstlang1.sty 2023/02/27 1.9 listings language file
)
(/usr/share/texlive/texmf-dist/tex/latex/listings/lstmisc.sty
File: lstmisc.sty 2023/02/27 1.9 (Carsten Heinz)
)) [7]
\openout2 = `chapters/02-infrastructure.aux'.


(./chapters/02-infrastructure.tex [8




]
Chapter 2.
LaTeX Font Info:    Font shape `T1/lmtt/bx/n' in size <10> not available
(Font)              Font shape `T1/lmtt/b/n' tried instead on input line 46.
Package mdframed Info: mdframed works in twoside mode on input line 52.
[9]
LaTeX Font Info:    Font shape `T1/lmtt/bx/n' in size <10.95> not available
(Font)              Font shape `T1/lmtt/b/n' tried instead on input line 71.
Package mdframed Info: mdframed works in twoside mode on input line 83.
Package mdframed Info: mdframed works in twoside mode on input line 109.
 [10{/usr/share/texmf/fonts/enc/dvips/lm/lm-rm.enc}]
Underfull \hbox (badness 10000) in paragraph at lines 134--135
[]|\T1/lmr/m/n/10.95 (+20) Pointer to arena-allocated NUL-
 []

[11]) [12]
\openout2 = `chapters/03-lexer.aux'.

 (./chapters/03-lexer.tex
Chapter 3.

Overfull \hbox (37.45346pt too wide) in paragraph at lines 58--78
 [] 
 []

[13




]
Underfull \vbox (badness 10000) has occurred while \output is active []

 [14]
LaTeX Font Info:    Trying to load font information for TS1+lmr on input line 1
66.

(/usr/share/texmf/tex/latex/lm/ts1lmr.fd
File: ts1lmr.fd 2015/05/01 v1.6.1 Font defs for Latin Modern
) [15{/usr/share/texmf/fonts/enc/dvips/lm/lm-ts1.enc}]) [16] [17] [18



] [19] [20]
\openout2 = `chapters/04-ast.aux'.

 (./chapters/04-ast.tex
Chapter 4.

Underfull \vbox (badness 1502) has occurred while \output is active []

 [21


]
Package mdframed Info: mdframed works in twoside mode on input line 93.

[22]
Underfull \vbox (badness 10000) has occurred while \output is active []

 [23]
Underfull \vbox (badness 10000) has occurred while \output is active []

 [24]
Underfull \hbox (badness 2772) in paragraph at lines 228--229
[]|\T1/lmr/m/n/10.95 (+20) Termination mea-sure (NULL for un-
 []


Underfull \hbox (badness 10000) in paragraph at lines 235--236
[]|\T1/lmr/m/n/10.95 (+20) True for [][][][][][][][][][][][][][][][] (non-
 []

[25]
Underfull \hbox (badness 10000) in paragraph at lines 296--297
[]|\T1/lmr/m/n/10.95 (+20) Operator to-ken (e.g. \T1/lmtt/m/n/10 TOKEN_PLUS\T1/
lmr/m/n/10.95 (+20) ,
 []


Underfull \hbox (badness 10000) in paragraph at lines 301--302
[]|\T1/lmr/m/n/10.95 (+20) Callee ex-pres-sion (typ-i-cally
 []


Underfull \hbox (badness 4378) in paragraph at lines 301--302
\T1/lmtt/m/n/10 EXPR_IDENTIFIER \T1/lmr/m/n/10.95 (+20) or \T1/lmtt/m/n/10 EXPR
_MEMBER \T1/lmr/m/n/10.95 (+20) af-ter
 []

[26]) [27]
\openout2 = `chapters/05-modules.aux'.

 (./chapters/05-modules.tex [28




]
Chapter 5.
Package mdframed Info: mdframed works in twoside mode on input line 49.
[29]
Package mdframed Info: mdframed works in twoside mode on input line 72.
Package mdframed Info: mdframed works in twoside mode on input line 103.
Package mdframed Info: mdframed works in twoside mode on input line 123.

Overfull \hbox (2.24953pt too wide) in paragraph at lines 134--141
\T1/lmr/m/n/10.95 (-20) run-ning se-man-tic anal-y-sis on a mod-ule, \T1/lmtt/m
/n/10 sema_resolve_module() \T1/lmr/m/n/10.95 (-20) calls \T1/lmtt/m/n/10 find_
module(module_path)
 []


Overfull \hbox (14.56084pt too wide) in paragraph at lines 134--141
\T1/lmr/m/n/10.95 (-20) and copies the point-ers into the glob-als \T1/lmtt/m/n
/10 sema_source_text \T1/lmr/m/n/10.95 (-20) and \T1/lmtt/m/n/10 sema_source_fi
le \T1/lmr/m/n/10.95 (-20) ([]\T1/lmtt/m/n/10 src/sema.h:841[]\T1/lmr/m/n/10.95
 (-20) ).
 []

[30]
Package mdframed Info: mdframed works in twoside mode on input line 153.
) [31] [32



] [33] [34]
\openout2 = `chapters/06-parser-framework.aux'.

 (./chapters/06-parser-framework.tex
Chapter 6.

Underfull \hbox (badness 7186) in paragraph at lines 24--25
[]|\T1/lmr/m/n/10.95 (+20) Current looka-head to-ken (one-token
 []


Underfull \hbox (badness 3138) in paragraph at lines 25--26
[]|\T1/lmr/m/n/10.95 (+20) Current source line (in-cre-mented on
 []


Overfull \hbox (9.8401pt too wide) in paragraph at lines 46--48
[]\T1/lmr/m/n/10.95 (-20) Calls \T1/lmtt/m/n/10 lexer_next() \T1/lmr/m/n/10.95 
(-20) in a loop, dis-card-ing \T1/lmtt/m/n/10 TOKEN_LINE_COMMENT \T1/lmr/m/n/10
.95 (-20) and \T1/lmtt/m/n/10 TOKEN_MULTILINE_COMMENT
 []

[35


]
Underfull \vbox (badness 3417) has occurred while \output is active []

 [36]
[37]) [38]
\openout2 = `chapters/07-parser-expressions.aux'.

 (./chapters/07-parser-expressions.tex
Chapter 7.

Overfull \hbox (8.83937pt too wide) in paragraph at lines 17--22
[]\T1/lmtt/m/n/10 parse_expr(arena, parser) \T1/lmr/m/n/10.95 (-20) cap-tures t
he cur-rent source lo-ca-tion, calls \T1/lmtt/m/n/10 parse_binary_expr(arena,
 []


Overfull \hbox (22.2166pt too wide) in paragraph at lines 45--48
[]\T1/lmtt/m/n/10 parse_binary_expr(arena, parser, min_prec) \T1/lmr/m/n/10.95 
(-20) ([]\T1/lmtt/m/n/10 src/parser/expr.h:27[]\T1/lmr/m/n/10.95 (-20) ) im-ple
-ments left-associative
 []

Package mdframed Info: mdframed works in twoside mode on input line 50.
[39




]
Overfull \hbox (13.51604pt too wide) in paragraph at lines 121--130
[]\T1/lmr/m/n/10.95 (-20) Integer lit-er-als (\T1/lmtt/m/n/10 TOKEN_NUMBER\T1/l
mr/m/n/10.95 (-20) ) are parsed with \T1/lmtt/m/n/10 parse_numeric_literal \T1/
lmr/m/n/10.95 (-20) and stored as \T1/lmtt/m/n/10 EXPR_LITERAL
 []


Underfull \hbox (badness 10000) in paragraph at lines 121--130

 []

[40{/usr/share/texmf/fonts/enc/dvips/lm/lm-mathit.enc}]
Package mdframed Info: mdframed works in twoside mode on input line 193.
) [41]
\openout2 = `chapters/08-parser-stmts.aux'.


(./chapters/08-parser-stmts.tex [42




]
Chapter 8.

Overfull \hbox (14.67712pt too wide) in paragraph at lines 7--11
[]\T1/lmr/m/n/10.95 (-20) Statement pars-ing is in []\T1/lmtt/m/n/10 src/parser
/stmt.h[]\T1/lmr/m/n/10.95 (-20) ; dec-la-ra-tion (top-level) pars-ing is in []
\T1/lmtt/m/n/10 src/parser/decl.h[]\T1/lmr/m/n/10.95 (-20) .
 []


Overfull \hbox (17.56497pt too wide) in paragraph at lines 17--22
[]\T1/lmtt/m/n/10 parse_stmt_list(arena, parser) \T1/lmr/m/n/10.95 (-20) ([]\T1
/lmtt/m/n/10 src/parser/stmt.h:72[]\T1/lmr/m/n/10.95 (-20) ) ac-cu-mu-lates sta
te-ments into a \T1/lmtt/m/n/10 StmtList
 []

Package mdframed Info: mdframed works in twoside mode on input line 24.

Underfull \vbox (badness 10000) has occurred while \output is active []

 [43]
[44]) [45] [46



] [47] [48]
\openout2 = `chapters/09-sema-orchestration.aux'.

 (./chapters/09-sema-orchestration.tex
Chapter 9.
Package mdframed Info: mdframed works in twoside mode on input line 55.
[49


] [50]
Package mdframed Info: mdframed works in twoside mode on input line 147.
Package mdframed Info: mdframed works in twoside mode on input line 204.
) [51]
\openout2 = `chapters/10-resolve.aux'.

 (./chapters/10-resolve.tex [52




]
Chapter 10.

Overfull \hbox (47.58508pt too wide) in paragraph at lines 24--26
[]\T1/lmr/m/n/10.95 (-20) If found: set-ting \T1/lmtt/m/n/10 e->decl = sym->dec
l\T1/lmr/m/n/10.95 (-20) , \T1/lmtt/m/n/10 e->type = sym->type\T1/lmr/m/n/10.95
 (-20) , and \T1/lmtt/m/n/10 e->is_global = sym->is_global\T1/lmr/m/n/10.95 (-2
0) . 
 []

Package mdframed Info: mdframed works in twoside mode on input line 43.
[53]) [54]
\openout2 = `chapters/11-typecheck.aux'.

 (./chapters/11-typecheck.tex
Chapter 11.

Overfull \hbox (31.89865pt too wide) in paragraph at lines 43--53
 [] 
 []

[55




]) [56]
\openout2 = `chapters/12-linearity.aux'.

 (./chapters/12-linearity.tex
Chapter 12.
[57




]) [58]
\openout2 = `chapters/13-borrows.aux'.

 (./chapters/13-borrows.tex
Chapter 13.

Underfull \vbox (badness 1990) has occurred while \output is active []

 [59




]
[60]) [61]
\openout2 = `chapters/14-vra.aux'.

 (./chapters/14-vra.tex [62




]
Chapter 14.
[63]
LaTeX Font Info:    Trying to load font information for OT1+lmtt on input line 
141.
 (/usr/share/texmf/tex/latex/lm/ot1lmtt.fd
File: ot1lmtt.fd 2015/05/01 v1.6.1 Font defs for Latin Modern
)
Package microtype Info: Loading generic protrusion settings for font family
(microtype)             `lmtt' (encoding: OT1).
(microtype)             For optimal results, create family-specific settings.
(microtype)             See the microtype manual for details.
) [64{/usr/share/texmf/fonts/enc/dvips/lm/lm-rmtt.enc}]
\openout2 = `chapters/15-bounds.aux'.

 (./chapters/15-bounds.tex
Chapter 15.
Package mdframed Info: mdframed works in twoside mode on input line 23.
[65




]
Package mdframed Info: mdframed works in twoside mode on input line 61.
) [66]
\openout2 = `chapters/16-exhaustiveness.aux'.

 (./chapters/16-exhaustiveness.tex
Chapter 16.
) [67




]
\openout2 = `chapters/17-termination.aux'.

 (./chapters/17-termination.tex [68




]
Chapter 17.

Overfull \hbox (3.49649pt too wide) in paragraph at lines 13--15
[]\T1/lmr/m/n/10.95 (-20) Mutual re-cur-sion among [][][][][][] dec-la-ra-tions
 is re-jected by \T1/lmtt/m/n/10 sema_check_no_mutual_recursion
 []


Overfull \hbox (82.68275pt too wide) in paragraph at lines 43--52
 [] 
 []

[69]
Overfull \hbox (36.2337pt too wide) in paragraph at lines 95--101
[]\T1/lmr/m/n/10.95 (-20) For each as-sign-ment [][][][][][][][][][][][][][][][
][][][][] (where \T1/lmtt/m/n/10.95 v \T1/lmr/m/n/10.95 (-20) is a mea-sure var
i-able and \T1/lmtt/m/n/10.95 k \T1/lmr/m/n/10.95 (-20) is a lit-eral), \T1/lmt
t/m/n/10 assignment_direction
 []


Overfull \hbox (10.39708pt too wide) in paragraph at lines 101--103
[]\T1/lmr/m/n/10.95 (-20) Negative ef-fect (di-rec-tion op-poses po-lar-ity): t
he mea-sure de-creases; record \T1/lmtt/m/n/10.95 found_decrease
 []

) [70] [71



] [72]
\openout2 = `chapters/18-comptime.aux'.

 (./chapters/18-comptime.tex
Chapter 18.

Overfull \hbox (5.01193pt too wide) in paragraph at lines 53--55
[]\T1/lmtt/m/n/10 EXPR_BINARY\T1/lmr/m/n/10.95 (-20) : arith-metic op-er-a-tors
 are eval-u-ated nu-mer-i-cally and re-turned as \T1/lmtt/m/n/10 EXPR_LITERAL\T
1/lmr/m/n/10.95 (-20) . 
 []

[73


]) [74]
\openout2 = `chapters/19-codegen.aux'.

 (./chapters/19-codegen.tex
Chapter 19.

Overfull \hbox (92.72691pt too wide) in paragraph at lines 7--12
[]\T1/lmtt/m/n/10 src/emit/core.h[]\T1/lmr/m/n/10.95 (-20) , []\T1/lmtt/m/n/10 
src/emit/decl.h[]\T1/lmr/m/n/10.95 (-20) , []\T1/lmtt/m/n/10 src/emit/stmt.h[]\
T1/lmr/m/n/10.95 (-20) , []\T1/lmtt/m/n/10 src/emit/expr.h[]\T1/lmr/m/n/10.95 (
-20) , []\T1/lmtt/m/n/10 src/emit/ctor.h[]\T1/lmr/m/n/10.95 (-20) , []\T1/lmtt/
m/n/10 src/emit/type_order.h[]\T1/lmr/m/n/10.95 (-20) ,
 []


Overfull \hbox (40.37476pt too wide) in paragraph at lines 45--48
[]\T1/lmr/bx/n/10.95 (-20) Type for-ward dec-la-ra-tions\T1/lmr/m/n/10.95 (-20)
 : struct and enum types are forward-declared via \T1/lmtt/m/n/10 emit/type_ord
er.h
 []

[75




]) [76] [77



] [78]
\openout2 = `chapters/20-stdlib-impl.aux'.

 (./chapters/20-stdlib-impl.tex
Chapter 20.
[79


]) [80]
\openout2 = `chapters/21-testing.aux'.

 (./chapters/21-testing.tex
Chapter 21.
[81




]) [82]
\openout2 = `annexes/A-ast-reference.aux'.

 (./annexes/A-ast-reference.tex [83





]
Underfull \vbox (badness 10000) has occurred while \output is active []

 [84])
[85]
\openout2 = `annexes/B-diagnostics-impl.aux'.

 (./annexes/B-diagnostics-impl.tex [86




]
Underfull \hbox (badness 10000) in paragraph at lines 51--51
[]|\T1/lmr/m/n/10.95 (+20) Unconsumed lin-ear
 []


Underfull \hbox (badness 1540) in paragraph at lines 57--57
[]|\T1/lmr/m/n/10.95 (+20) Borrow alias-ing vi-o-la-
 []


Underfull \hbox (badness 10000) in paragraph at lines 86--86
[]|\T1/lmr/m/n/10.95 (+20) Assignment to im-
 []

[87] [88]
Underfull \hbox (badness 1762) in paragraph at lines 230--230
[]|\T1/lmr/m/n/10.95 (+20) Measure de-crease not
 []


Underfull \hbox (badness 1939) in paragraph at lines 231--235
\T1/lmr/m/n/10.95 (+20) strictly de-creases the mea-sure. Ei-ther
 []


Underfull \hbox (badness 1867) in paragraph at lines 231--235
\T1/lmr/m/n/10.95 (+20) no as-sign-ment to any mea-sure vari-able
 []


Underfull \hbox (badness 1400) in paragraph at lines 231--235
\T1/lmr/m/n/10.95 (+20) is found in the body, or all found as-
 []

[89]
Underfull \hbox (badness 10000) in paragraph at lines 294--294
[]|\T1/lmtt/m/n/10.95 index may be
 []


Underfull \hbox (badness 10000) in paragraph at lines 297--297
[]|\T1/lmtt/m/n/10.95 index N out of
 []


Underfull \hbox (badness 10000) in paragraph at lines 300--300
[]|\T1/lmtt/m/n/10.95 index range
 []


Underfull \hbox (badness 10000) in paragraph at lines 304--304
[]|\T1/lmtt/m/n/10.95 cannot prove
 []


Underfull \hbox (badness 10000) in paragraph at lines 308--308
[]|\T1/lmtt/m/n/10.95 both index and
 []

[90]) [91]
\openout2 = `annexes/C-pass-interactions.aux'.

 (./annexes/C-pass-interactions.tex [92




]
Underfull \vbox (badness 3098) has occurred while \output is active []

 [93]
Overfull \hbox (22.31772pt too wide) in paragraph at lines 113--119
[]\T1/lmr/m/n/10.95 (-20) For generic calls (\T1/lmtt/m/n/10 EXPR_CALL \T1/lmr/
m/n/10.95 (-20) on a comptime-parameterised \T1/lmtt/m/n/10 DECL_FUNCTION\T1/lm
r/m/n/10.95 (-20) ), \T1/lmtt/m/n/10 sema_resolve_expr
 []


Overfull \hbox (27.98692pt too wide) in paragraph at lines 113--119
\T1/lmr/m/n/10.95 (-20) calls into []\T1/lmtt/m/n/10 src/sema/comptime.h[] \T1/
lmr/m/n/10.95 (-20) to eval-u-ate comp-time ar-gu-ments, then calls []\T1/lmtt/
m/n/10 src/sema/generic.h[]
 []


Overfull \hbox (27.46797pt too wide) in paragraph at lines 120--124
[]\T1/lmr/m/n/10.95 (-20) For \T1/lmtt/m/n/10 STMT_COMPTIME_IF\T1/lmr/m/n/10.95
 (-20) , \T1/lmtt/m/n/10 sema_resolve_stmt \T1/lmr/m/n/10.95 (-20) eval-u-ates 
the con-di-tion via \T1/lmtt/m/n/10 comptime_evaluate_expr\T1/lmr/m/n/10.95 (-2
0) ,
 []


Underfull \vbox (badness 1194) has occurred while \output is active []

 [94]
[95]
Overfull \hbox (243.8487pt too wide) in paragraph at lines 295--296
 [] 
 []

) [96]
\openout2 = `annexes/D-declaration-flow.aux'.

 (./annexes/D-declaration-flow.tex
Overfull \hbox (9.88094pt too wide) in paragraph at lines 27--30
[]\T1/lmr/m/n/10.95 (-20) Type-name iden-ti-fiers and type-qualifier key-words 
(\T1/lmtt/m/n/10 TOKEN_KEYWORD_MUT\T1/lmr/m/n/10.95 (-20) , \T1/lmtt/m/n/10 TOK
EN_KEYWORD_MOV\T1/lmr/m/n/10.95 (-20) )
 []


Overfull \hbox (22.19373pt too wide) in paragraph at lines 62--67
[]\T1/lmr/m/n/10.95 (-20) For [][][][][][][][][][][][], \T1/lmtt/m/n/10 parse_e
xtern_func_proc_decl_impl \T1/lmr/m/n/10.95 (-20) is called. It pro-duces a \T1
/lmtt/m/n/10 DECL_EXTERN_FUNCTION
 []

[97




]
Overfull \hbox (6.42259pt too wide) in paragraph at lines 99--105
[] []\T1/lmr/bx/n/10.95 (-20) For-ward-dec-la-ra-tion scan.[] \T1/lmr/m/n/10.95
 (-20) On the first pass, ev-ery top-level \T1/lmtt/m/n/10 DECL_FUNCTION\T1/lmr
/m/n/10.95 (-20) , \T1/lmtt/m/n/10 DECL_PROCEDURE\T1/lmr/m/n/10.95 (-20) ,
 []

[98]
Overfull \hbox (7.46338pt too wide) in paragraph at lines 189--194
\T1/lmr/m/n/10.95 (-20) ev-ery \T1/lmtt/m/n/10 DECL_FUNCTION\T1/lmr/m/n/10.95 (
-20) , \T1/lmtt/m/n/10 DECL_PROCEDURE\T1/lmr/m/n/10.95 (-20) , \T1/lmtt/m/n/10 
DECL_EXTERN_FUNCTION\T1/lmr/m/n/10.95 (-20) , and \T1/lmtt/m/n/10 DECL_EXTERN_P
ROCEDURE\T1/lmr/m/n/10.95 (-20) .
 []


Overfull \hbox (7.36786pt too wide) in paragraph at lines 194--197
[]\T1/lmr/bx/n/10.95 (-20) Function bod-ies \T1/lmr/m/n/10.95 (-20) ^^V \T1/lmt
t/m/n/10 emit_decl \T1/lmr/m/n/10.95 (-20) emits the full C func-tion def-i-ni-
tion for ev-ery \T1/lmtt/m/n/10 DECL_FUNCTION
 []


Underfull \hbox (badness 10000) in paragraph at lines 218--219
[]|\T1/lmtt/m/n/10 DECL_FUNCTION \T1/lmr/m/n/10.95 (+20) /
 []


Underfull \hbox (badness 10000) in paragraph at lines 220--221
\T1/lmr/m/n/10.95 (+20) mu-tual re-cur-sion
 []


Overfull \hbox (5.41505pt too wide) in paragraph at lines 225--226
[]|\T1/lmtt/m/n/10 DECL_EXTERN_FUNCTION
 []


Underfull \hbox (badness 10000) in paragraph at lines 225--226
\T1/lmr/m/n/10.95 (+20) /
 []


Overfull \hbox (10.66504pt too wide) in paragraph at lines 225--226
\T1/lmtt/m/n/10 DECL_EXTERN_PROCEDURE| 
 []


Underfull \hbox (badness 10000) in paragraph at lines 227--227
\T1/lmtt/m/n/10 sema_globals\T1/lmr/m/n/10.95 (+20) ; no
 []


Underfull \hbox (badness 3989) in paragraph at lines 231--231
\T1/lmtt/m/n/10 sema_globals\T1/lmr/m/n/10.95 (+20) ; field
 []


Underfull \hbox (badness 2181) in paragraph at lines 232--233
[]|\T1/lmr/m/n/10.95 (+20) Forward type-def, then full \T1/lmtt/m/n/10.95 typed
ef
 []


Underfull \hbox (badness 4291) in paragraph at lines 235--235
\T1/lmtt/m/n/10 sema_globals\T1/lmr/m/n/10.95 (+20) ; vari-
 []


Underfull \hbox (badness 10000) in paragraph at lines 238--239
[]|\T1/lmtt/m/n/10 DECL_IMPORT \T1/lmr/m/n/10.95 (+20) /
 []


Underfull \hbox (badness 10000) in paragraph at lines 248--248
[]|\T1/lmr/m/n/10.95 (+20) Symbol in-serted
 []


Underfull \hbox (badness 10000) in paragraph at lines 252--252
[]|\T1/lmr/m/n/10.95 (+20) Comptime RHS
 []


Underfull \hbox (badness 10000) in paragraph at lines 252--252
\T1/lmr/m/n/10.95 (+20) eval-u-ated; re-
 []


Underfull \hbox (badness 10000) in paragraph at lines 252--252
\T1/lmr/m/n/10.95 (+20) sult stored in
 []


Overfull \hbox (45.14575pt too wide) in paragraph at lines 252--252
\T1/lmtt/m/n/10 DeclTypeAlias.resolved_type\T1/lmr/m/n/10.95 (-20) .| 
 []


Underfull \hbox (badness 7468) in paragraph at lines 262--263
\T1/lmr/m/n/10.95 (+20) solve into a hid-
 []

[99]) [100]
runsystem(makeindex lain-compiler-doc.idx)...executed safely (allowed).

 (./lain-compiler-doc.ind [101




] [102]) [103]
(./lain-compiler-doc.aux (./chapters/01-architecture.aux)
(./chapters/02-infrastructure.aux) (./chapters/03-lexer.aux)
(./chapters/04-ast.aux) (./chapters/05-modules.aux)
(./chapters/06-parser-framework.aux) (./chapters/07-parser-expressions.aux)
(./chapters/08-parser-stmts.aux) (./chapters/09-sema-orchestration.aux)
(./chapters/10-resolve.aux) (./chapters/11-typecheck.aux)
(./chapters/12-linearity.aux) (./chapters/13-borrows.aux)
(./chapters/14-vra.aux) (./chapters/15-bounds.aux)
(./chapters/16-exhaustiveness.aux) (./chapters/17-termination.aux)
(./chapters/18-comptime.aux) (./chapters/19-codegen.aux)
(./chapters/20-stdlib-impl.aux) (./chapters/21-testing.aux)
(./annexes/A-ast-reference.aux) (./annexes/B-diagnostics-impl.aux)
(./annexes/C-pass-interactions.aux) (./annexes/D-declaration-flow.aux))
 ***********
LaTeX2e <2023-11-01> patch level 1
L3 programming layer <2024-01-22>
 ***********
Package rerunfilecheck Info: File `lain-compiler-doc.out' has not changed.
(rerunfilecheck)             Checksum: C5440158FE7E5D2873D60D66B0701963;34982.
 ) 
Here is how much of TeX's memory you used:
 34791 strings out of 476182
 644368 string characters out of 5795595
 2054975 words of memory out of 5000000
 54968 multiletter control sequences out of 15000+600000
 654154 words of font info for 196 fonts, out of 8000000 for 9000
 14 hyphenation exceptions out of 8191
 99i,14n,131p,1014b,2150s stack positions out of 10000i,1000n,20000p,200000b,200000s
</usr/share/texmf/fonts/type1/public/lm/lmbx10.pfb></usr/share/texmf/fonts/ty
pe1/public/lm/lmbx12.pfb></usr/share/texmf/fonts/type1/public/lm/lmmi10.pfb></u
sr/share/texmf/fonts/type1/public/lm/lmr10.pfb></usr/share/texmf/fonts/type1/pu
blic/lm/lmr12.pfb></usr/share/texmf/fonts/type1/public/lm/lmr6.pfb></usr/share/
texmf/fonts/type1/public/lm/lmr8.pfb></usr/share/texmf/fonts/type1/public/lm/lm
ri10.pfb></usr/share/texmf/fonts/type1/public/lm/lmri7.pfb></usr/share/texmf/fo
nts/type1/public/lm/lmsy10.pfb></usr/share/texmf/fonts/type1/public/lm/lmtk10.p
fb></usr/share/texmf/fonts/type1/public/lm/lmtt10.pfb></usr/share/texmf/fonts/t
ype1/public/lm/lmtti10.pfb>
Output written on lain-compiler-doc.pdf (111 pages, 586987 bytes).
PDF statistics:
 2345 PDF objects out of 2487 (max. 8388607)
 2181 compressed objects within 22 object streams
 906 named destinations out of 1000 (max. 500000)
 58373 words of extra memory for PDF output out of 61914 (max. 10000000)

